<?xml version="1.0" encoding="UTF-8"?>
<!-- Generated by org.testng.reporters.JUnitReportReporter -->
<testsuite skipped="0" hostname="AshokMaddineni" name="testautomation.AutomationTest" tests="1" failures="0" timestamp="17 Jun 2020 06:36:18 GMT" time="20.893" errors="0">
  <testcase name="Gmail" time="20.893" classname="testautomation.AutomationTest"/>
</testsuite> <!-- testautomation.AutomationTest -->
